This file contains any messages produced by compilers while
running configure, to aid debugging if configure makes a mistake.

It was created by shellinabox configure 2.10, which was
generated by GNU Autoconf 2.69.  Invocation command line was

  $ ./configure --no-create --no-recursion

## --------- ##
## Platform. ##
## --------- ##

hostname = localhost.localdomain
uname -m = x86_64
uname -r = 4.0.4-202.fc21.x86_64
uname -s = Linux
uname -v = #1 SMP Wed May 27 22:28:42 UTC 2015

/usr/bin/uname -p = x86_64
/bin/uname -X     = unknown

/bin/arch              = x86_64
/usr/bin/arch -k       = unknown
/usr/convex/getsysinfo = unknown
/usr/bin/hostinfo      = unknown
/bin/machine           = unknown
/usr/bin/oslevel       = unknown
/bin/universe          = unknown

PATH: /usr/lib64/qt-3.3/bin
PATH: /usr/local/bin
PATH: /usr/bin
PATH: /bin
PATH: /usr/local/sbin
PATH: /usr/sbin
PATH: /home/dliutkevicius/.local/bin
PATH: /home/dliutkevicius/bin


## ----------- ##
## Core tests. ##
## ----------- ##

configure:2411: checking for a BSD-compatible install
configure:2479: result: /usr/bin/install -c
configure:2490: checking whether build environment is sane
configure:2540: result: yes
configure:2681: checking for a thread-safe mkdir -p
configure:2720: result: /usr/bin/mkdir -p
configure:2733: checking for gawk
configure:2749: found /usr/bin/gawk
configure:2760: result: gawk
configure:2771: checking whether make sets $(MAKE)
configure:2793: result: yes
configure:2923: checking for gcc
configure:2939: found /usr/bin/gcc
configure:2950: result: gcc
configure:3179: checking for C compiler version
configure:3188: gcc --version >&5
gcc (GCC) 4.9.2 20150212 (Red Hat 4.9.2-6)
Copyright (C) 2014 Free Software Foundation, Inc.
This is free software; see the source for copying conditions.  There is NO
warranty; not even for MERCHANTABILITY or FITNESS FOR A PARTICULAR PURPOSE.

configure:3199: $? = 0
configure:3188: gcc -v >&5
Using built-in specs.
COLLECT_GCC=gcc
COLLECT_LTO_WRAPPER=/usr/libexec/gcc/x86_64-redhat-linux/4.9.2/lto-wrapper
Target: x86_64-redhat-linux
Configured with: ../configure --prefix=/usr --mandir=/usr/share/man --infodir=/usr/share/info --with-bugurl=http://bugzilla.redhat.com/bugzilla --enable-bootstrap --enable-shared --enable-threads=posix --enable-checking=release --enable-multilib --with-system-zlib --enable-__cxa_atexit --disable-libunwind-exceptions --enable-gnu-unique-object --enable-linker-build-id --with-linker-hash-style=gnu --enable-languages=c,c++,objc,obj-c++,fortran,ada,go,lto --enable-plugin --enable-initfini-array --disable-libgcj --with-isl=/builddir/build/BUILD/gcc-4.9.2-20150212/obj-x86_64-redhat-linux/isl-install --with-cloog=/builddir/build/BUILD/gcc-4.9.2-20150212/obj-x86_64-redhat-linux/cloog-install --enable-gnu-indirect-function --with-tune=generic --with-arch_32=i686 --build=x86_64-redhat-linux
Thread model: posix
gcc version 4.9.2 20150212 (Red Hat 4.9.2-6) (GCC) 
configure:3199: $? = 0
configure:3188: gcc -V >&5
gcc: error: unrecognized command line option '-V'
gcc: fatal error: no input files
compilation terminated.
configure:3199: $? = 4
configure:3188: gcc -qversion >&5
gcc: error: unrecognized command line option '-qversion'
gcc: fatal error: no input files
compilation terminated.
configure:3199: $? = 4
configure:3219: checking whether the C compiler works
configure:3241: gcc -Os   conftest.c  >&5
configure:3245: $? = 0
configure:3293: result: yes
configure:3296: checking for C compiler default output file name
configure:3298: result: a.out
configure:3304: checking for suffix of executables
configure:3311: gcc -o conftest -Os   conftest.c  >&5
configure:3315: $? = 0
configure:3337: result: 
configure:3359: checking whether we are cross compiling
configure:3367: gcc -o conftest -Os   conftest.c  >&5
configure:3371: $? = 0
configure:3378: ./conftest
configure:3382: $? = 0
configure:3397: result: no
configure:3402: checking for suffix of object files
configure:3424: gcc -c -Os  conftest.c >&5
configure:3428: $? = 0
configure:3449: result: o
configure:3453: checking whether we are using the GNU C compiler
configure:3472: gcc -c -Os  conftest.c >&5
configure:3472: $? = 0
configure:3481: result: yes
configure:3490: checking whether gcc accepts -g
configure:3510: gcc -c -g  conftest.c >&5
configure:3510: $? = 0
configure:3551: result: yes
configure:3568: checking for gcc option to accept ISO C89
configure:3631: gcc  -c -Os  conftest.c >&5
configure:3631: $? = 0
configure:3644: result: none needed
configure:3675: checking for style of include used by make
configure:3703: result: GNU
configure:3728: checking dependency style of gcc
configure:3838: result: gcc3
configure:3885: checking build system type
configure:3899: result: x86_64-unknown-linux-gnu
configure:3919: checking host system type
configure:3932: result: x86_64-unknown-linux-gnu
configure:3952: checking for a sed that does not truncate output
configure:4016: result: /usr/bin/sed
configure:4034: checking for grep that handles long lines and -e
configure:4092: result: /usr/bin/grep
configure:4097: checking for egrep
configure:4159: result: /usr/bin/grep -E
configure:4164: checking for fgrep
configure:4226: result: /usr/bin/grep -F
configure:4261: checking for ld used by gcc
configure:4328: result: /usr/bin/ld
configure:4335: checking if the linker (/usr/bin/ld) is GNU ld
configure:4350: result: yes
configure:4362: checking for BSD- or MS-compatible name lister (nm)
configure:4411: result: /usr/bin/nm -B
configure:4529: checking the name lister (/usr/bin/nm -B) interface
configure:4536: gcc -c -Os  conftest.c >&5
configure:4539: /usr/bin/nm -B "conftest.o"
configure:4542: output
0000000000000000 B some_variable
configure:4549: result: BSD nm
configure:4552: checking whether ln -s works
configure:4556: result: yes
configure:4564: checking the maximum length of command line arguments
configure:4684: result: 1572864
configure:4701: checking whether the shell understands some XSI constructs
configure:4711: result: yes
configure:4715: checking whether the shell understands "+="
configure:4721: result: yes
configure:4756: checking for /usr/bin/ld option to reload object files
configure:4763: result: -r
configure:4832: checking for objdump
configure:4848: found /usr/bin/objdump
configure:4859: result: objdump
configure:4891: checking how to recognize dependent libraries
configure:5087: result: pass_all
configure:5147: checking for ar
configure:5163: found /usr/bin/ar
configure:5174: result: ar
configure:5252: checking for strip
configure:5268: found /usr/bin/strip
configure:5279: result: strip
configure:5351: checking for ranlib
configure:5367: found /usr/bin/ranlib
configure:5378: result: ranlib
configure:5468: checking command to parse /usr/bin/nm -B output from gcc object
configure:5586: gcc -c -Os  conftest.c >&5
configure:5589: $? = 0
configure:5593: /usr/bin/nm -B conftest.o \| sed -n -e 's/^.*[	 ]\([ABCDGIRSTW][ABCDGIRSTW]*\)[	 ][	 ]*\([_A-Za-z][_A-Za-z0-9]*\)$/\1 \2 \2/p' \> conftest.nm
configure:5596: $? = 0
configure:5650: gcc -o conftest -Os   conftest.c conftstm.o >&5
configure:5653: $? = 0
configure:5691: result: ok
configure:5787: gcc -c -Os  conftest.c >&5
configure:5790: $? = 0
configure:6500: checking how to run the C preprocessor
configure:6531: gcc -E  conftest.c
configure:6531: $? = 0
configure:6545: gcc -E  conftest.c
conftest.c:12:28: fatal error: ac_nonexistent.h: No such file or directory
 #include <ac_nonexistent.h>
                            ^
compilation terminated.
configure:6545: $? = 1
configure: failed program was:
| /* confdefs.h */
| #define PACKAGE_NAME "shellinabox"
| #define PACKAGE_TARNAME "shellinabox"
| #define PACKAGE_VERSION "2.10"
| #define PACKAGE_STRING "shellinabox 2.10"
| #define PACKAGE_BUGREPORT "markus@shellinabox.com"
| #define PACKAGE_URL ""
| #define VCS_REVISION "204"
| #define PACKAGE "shellinabox"
| #define VERSION "2.10"
| /* end confdefs.h.  */
| #include <ac_nonexistent.h>
configure:6570: result: gcc -E
configure:6590: gcc -E  conftest.c
configure:6590: $? = 0
configure:6604: gcc -E  conftest.c
conftest.c:12:28: fatal error: ac_nonexistent.h: No such file or directory
 #include <ac_nonexistent.h>
                            ^
compilation terminated.
configure:6604: $? = 1
configure: failed program was:
| /* confdefs.h */
| #define PACKAGE_NAME "shellinabox"
| #define PACKAGE_TARNAME "shellinabox"
| #define PACKAGE_VERSION "2.10"
| #define PACKAGE_STRING "shellinabox 2.10"
| #define PACKAGE_BUGREPORT "markus@shellinabox.com"
| #define PACKAGE_URL ""
| #define VCS_REVISION "204"
| #define PACKAGE "shellinabox"
| #define VERSION "2.10"
| /* end confdefs.h.  */
| #include <ac_nonexistent.h>
configure:6633: checking for ANSI C header files
configure:6653: gcc -c -Os  conftest.c >&5
configure:6653: $? = 0
configure:6726: gcc -o conftest -Os   conftest.c  >&5
configure:6726: $? = 0
configure:6726: ./conftest
configure:6726: $? = 0
configure:6737: result: yes
configure:6750: checking for sys/types.h
configure:6750: gcc -c -Os  conftest.c >&5
configure:6750: $? = 0
configure:6750: result: yes
configure:6750: checking for sys/stat.h
configure:6750: gcc -c -Os  conftest.c >&5
configure:6750: $? = 0
configure:6750: result: yes
configure:6750: checking for stdlib.h
configure:6750: gcc -c -Os  conftest.c >&5
configure:6750: $? = 0
configure:6750: result: yes
configure:6750: checking for string.h
configure:6750: gcc -c -Os  conftest.c >&5
configure:6750: $? = 0
configure:6750: result: yes
configure:6750: checking for memory.h
configure:6750: gcc -c -Os  conftest.c >&5
configure:6750: $? = 0
configure:6750: result: yes
configure:6750: checking for strings.h
configure:6750: gcc -c -Os  conftest.c >&5
configure:6750: $? = 0
configure:6750: result: yes
configure:6750: checking for inttypes.h
configure:6750: gcc -c -Os  conftest.c >&5
configure:6750: $? = 0
configure:6750: result: yes
configure:6750: checking for stdint.h
configure:6750: gcc -c -Os  conftest.c >&5
configure:6750: $? = 0
configure:6750: result: yes
configure:6750: checking for unistd.h
configure:6750: gcc -c -Os  conftest.c >&5
configure:6750: $? = 0
configure:6750: result: yes
configure:6764: checking for dlfcn.h
configure:6764: gcc -c -Os  conftest.c >&5
configure:6764: $? = 0
configure:6764: result: yes
configure:6948: checking for objdir
configure:6963: result: .libs
configure:7255: checking if gcc supports -fno-rtti -fno-exceptions
configure:7273: gcc -c -Os  -fno-rtti -fno-exceptions conftest.c >&5
cc1: warning: command line option '-fno-rtti' is valid for C++/ObjC++ but not for C
configure:7277: $? = 0
configure:7290: result: no
configure:7310: checking for gcc option to produce PIC
configure:7582: result: -fPIC -DPIC
configure:7594: checking if gcc PIC flag -fPIC -DPIC works
configure:7612: gcc -c -Os  -fPIC -DPIC -DPIC conftest.c >&5
configure:7616: $? = 0
configure:7629: result: yes
configure:7653: checking if gcc static flag -static works
configure:7681: result: no
configure:7696: checking if gcc supports -c -o file.o
configure:7717: gcc -c -Os  -o out/conftest2.o conftest.c >&5
configure:7721: $? = 0
configure:7743: result: yes
configure:7751: checking if gcc supports -c -o file.o
configure:7798: result: yes
configure:7831: checking whether the gcc linker (/usr/bin/ld -m elf_x86_64) supports shared libraries
configure:8821: result: yes
configure:8858: checking whether -lc should be explicitly linked in
configure:8863: gcc -c -Os  conftest.c >&5
configure:8866: $? = 0
configure:8881: gcc -shared conftest.o  -v -Wl,-soname -Wl,conftest -o conftest 2\>\&1 \| /usr/bin/grep  -lc  \>/dev/null 2\>\&1
configure:8884: $? = 0
configure:8896: result: no
configure:9060: checking dynamic linker characteristics
configure:9493: gcc -o conftest -Os   -Wl,-rpath -Wl,/foo conftest.c  >&5
configure:9493: $? = 0
configure:9723: result: GNU/Linux ld.so
configure:9825: checking how to hardcode library paths into programs
configure:9850: result: immediate
configure:10370: checking whether stripping libraries is possible
configure:10375: result: yes
configure:10410: checking if libtool supports shared libraries
configure:10412: result: yes
configure:10415: checking whether to build shared libraries
configure:10436: result: yes
configure:10439: checking whether to build static libraries
configure:10443: result: yes
configure:10479: checking for an ANSI C-conforming const
configure:10545: gcc -c -Os  conftest.c >&5
configure:10545: $? = 0
configure:10552: result: yes
configure:10561: checking whether gcc needs -traditional
configure:10595: result: no
configure:10607: checking libutil.h usability
configure:10607: gcc -c -Os  conftest.c >&5
conftest.c:57:21: fatal error: libutil.h: No such file or directory
 #include <libutil.h>
                     ^
compilation terminated.
configure:10607: $? = 1
configure: failed program was:
| /* confdefs.h */
| #define PACKAGE_NAME "shellinabox"
| #define PACKAGE_TARNAME "shellinabox"
| #define PACKAGE_VERSION "2.10"
| #define PACKAGE_STRING "shellinabox 2.10"
| #define PACKAGE_BUGREPORT "markus@shellinabox.com"
| #define PACKAGE_URL ""
| #define VCS_REVISION "204"
| #define PACKAGE "shellinabox"
| #define VERSION "2.10"
| #define STDC_HEADERS 1
| #define HAVE_SYS_TYPES_H 1
| #define HAVE_SYS_STAT_H 1
| #define HAVE_STDLIB_H 1
| #define HAVE_STRING_H 1
| #define HAVE_MEMORY_H 1
| #define HAVE_STRINGS_H 1
| #define HAVE_INTTYPES_H 1
| #define HAVE_STDINT_H 1
| #define HAVE_UNISTD_H 1
| #define HAVE_DLFCN_H 1
| #define LT_OBJDIR ".libs/"
| /* end confdefs.h.  */
| #include <stdio.h>
| #ifdef HAVE_SYS_TYPES_H
| # include <sys/types.h>
| #endif
| #ifdef HAVE_SYS_STAT_H
| # include <sys/stat.h>
| #endif
| #ifdef STDC_HEADERS
| # include <stdlib.h>
| # include <stddef.h>
| #else
| # ifdef HAVE_STDLIB_H
| #  include <stdlib.h>
| # endif
| #endif
| #ifdef HAVE_STRING_H
| # if !defined STDC_HEADERS && defined HAVE_MEMORY_H
| #  include <memory.h>
| # endif
| # include <string.h>
| #endif
| #ifdef HAVE_STRINGS_H
| # include <strings.h>
| #endif
| #ifdef HAVE_INTTYPES_H
| # include <inttypes.h>
| #endif
| #ifdef HAVE_STDINT_H
| # include <stdint.h>
| #endif
| #ifdef HAVE_UNISTD_H
| # include <unistd.h>
| #endif
| #include <libutil.h>
configure:10607: result: no
configure:10607: checking libutil.h presence
configure:10607: gcc -E  conftest.c
conftest.c:24:21: fatal error: libutil.h: No such file or directory
 #include <libutil.h>
                     ^
compilation terminated.
configure:10607: $? = 1
configure: failed program was:
| /* confdefs.h */
| #define PACKAGE_NAME "shellinabox"
| #define PACKAGE_TARNAME "shellinabox"
| #define PACKAGE_VERSION "2.10"
| #define PACKAGE_STRING "shellinabox 2.10"
| #define PACKAGE_BUGREPORT "markus@shellinabox.com"
| #define PACKAGE_URL ""
| #define VCS_REVISION "204"
| #define PACKAGE "shellinabox"
| #define VERSION "2.10"
| #define STDC_HEADERS 1
| #define HAVE_SYS_TYPES_H 1
| #define HAVE_SYS_STAT_H 1
| #define HAVE_STDLIB_H 1
| #define HAVE_STRING_H 1
| #define HAVE_MEMORY_H 1
| #define HAVE_STRINGS_H 1
| #define HAVE_INTTYPES_H 1
| #define HAVE_STDINT_H 1
| #define HAVE_UNISTD_H 1
| #define HAVE_DLFCN_H 1
| #define LT_OBJDIR ".libs/"
| /* end confdefs.h.  */
| #include <libutil.h>
configure:10607: result: no
configure:10607: checking for libutil.h
configure:10607: result: no
configure:10607: checking pthread.h usability
configure:10607: gcc -c -Os  conftest.c >&5
configure:10607: $? = 0
configure:10607: result: yes
configure:10607: checking pthread.h presence
configure:10607: gcc -E  conftest.c
configure:10607: $? = 0
configure:10607: result: yes
configure:10607: checking for pthread.h
configure:10607: result: yes
configure:10607: checking pty.h usability
configure:10607: gcc -c -Os  conftest.c >&5
configure:10607: $? = 0
configure:10607: result: yes
configure:10607: checking pty.h presence
configure:10607: gcc -E  conftest.c
configure:10607: $? = 0
configure:10607: result: yes
configure:10607: checking for pty.h
configure:10607: result: yes
configure:10607: checking for strings.h
configure:10607: result: yes
configure:10607: checking sys/prctl.h usability
configure:10607: gcc -c -Os  conftest.c >&5
configure:10607: $? = 0
configure:10607: result: yes
configure:10607: checking sys/prctl.h presence
configure:10607: gcc -E  conftest.c
configure:10607: $? = 0
configure:10607: result: yes
configure:10607: checking for sys/prctl.h
configure:10607: result: yes
configure:10607: checking sys/uio.h usability
configure:10607: gcc -c -Os  conftest.c >&5
configure:10607: $? = 0
configure:10607: result: yes
configure:10607: checking sys/uio.h presence
configure:10607: gcc -E  conftest.c
configure:10607: $? = 0
configure:10607: result: yes
configure:10607: checking for sys/uio.h
configure:10607: result: yes
configure:10607: checking util.h usability
configure:10607: gcc -c -Os  conftest.c >&5
conftest.c:62:18: fatal error: util.h: No such file or directory
 #include <util.h>
                  ^
compilation terminated.
configure:10607: $? = 1
configure: failed program was:
| /* confdefs.h */
| #define PACKAGE_NAME "shellinabox"
| #define PACKAGE_TARNAME "shellinabox"
| #define PACKAGE_VERSION "2.10"
| #define PACKAGE_STRING "shellinabox 2.10"
| #define PACKAGE_BUGREPORT "markus@shellinabox.com"
| #define PACKAGE_URL ""
| #define VCS_REVISION "204"
| #define PACKAGE "shellinabox"
| #define VERSION "2.10"
| #define STDC_HEADERS 1
| #define HAVE_SYS_TYPES_H 1
| #define HAVE_SYS_STAT_H 1
| #define HAVE_STDLIB_H 1
| #define HAVE_STRING_H 1
| #define HAVE_MEMORY_H 1
| #define HAVE_STRINGS_H 1
| #define HAVE_INTTYPES_H 1
| #define HAVE_STDINT_H 1
| #define HAVE_UNISTD_H 1
| #define HAVE_DLFCN_H 1
| #define LT_OBJDIR ".libs/"
| #define HAVE_PTHREAD_H 1
| #define HAVE_PTY_H 1
| #define HAVE_STRINGS_H 1
| #define HAVE_SYS_PRCTL_H 1
| #define HAVE_SYS_UIO_H 1
| /* end confdefs.h.  */
| #include <stdio.h>
| #ifdef HAVE_SYS_TYPES_H
| # include <sys/types.h>
| #endif
| #ifdef HAVE_SYS_STAT_H
| # include <sys/stat.h>
| #endif
| #ifdef STDC_HEADERS
| # include <stdlib.h>
| # include <stddef.h>
| #else
| # ifdef HAVE_STDLIB_H
| #  include <stdlib.h>
| # endif
| #endif
| #ifdef HAVE_STRING_H
| # if !defined STDC_HEADERS && defined HAVE_MEMORY_H
| #  include <memory.h>
| # endif
| # include <string.h>
| #endif
| #ifdef HAVE_STRINGS_H
| # include <strings.h>
| #endif
| #ifdef HAVE_INTTYPES_H
| # include <inttypes.h>
| #endif
| #ifdef HAVE_STDINT_H
| # include <stdint.h>
| #endif
| #ifdef HAVE_UNISTD_H
| # include <unistd.h>
| #endif
| #include <util.h>
configure:10607: result: no
configure:10607: checking util.h presence
configure:10607: gcc -E  conftest.c
conftest.c:29:18: fatal error: util.h: No such file or directory
 #include <util.h>
                  ^
compilation terminated.
configure:10607: $? = 1
configure: failed program was:
| /* confdefs.h */
| #define PACKAGE_NAME "shellinabox"
| #define PACKAGE_TARNAME "shellinabox"
| #define PACKAGE_VERSION "2.10"
| #define PACKAGE_STRING "shellinabox 2.10"
| #define PACKAGE_BUGREPORT "markus@shellinabox.com"
| #define PACKAGE_URL ""
| #define VCS_REVISION "204"
| #define PACKAGE "shellinabox"
| #define VERSION "2.10"
| #define STDC_HEADERS 1
| #define HAVE_SYS_TYPES_H 1
| #define HAVE_SYS_STAT_H 1
| #define HAVE_STDLIB_H 1
| #define HAVE_STRING_H 1
| #define HAVE_MEMORY_H 1
| #define HAVE_STRINGS_H 1
| #define HAVE_INTTYPES_H 1
| #define HAVE_STDINT_H 1
| #define HAVE_UNISTD_H 1
| #define HAVE_DLFCN_H 1
| #define LT_OBJDIR ".libs/"
| #define HAVE_PTHREAD_H 1
| #define HAVE_PTY_H 1
| #define HAVE_STRINGS_H 1
| #define HAVE_SYS_PRCTL_H 1
| #define HAVE_SYS_UIO_H 1
| /* end confdefs.h.  */
| #include <util.h>
configure:10607: result: no
configure:10607: checking for util.h
configure:10607: result: no
configure:10607: checking utmp.h usability
configure:10607: gcc -c -Os  conftest.c >&5
configure:10607: $? = 0
configure:10607: result: yes
configure:10607: checking utmp.h presence
configure:10607: gcc -E  conftest.c
configure:10607: $? = 0
configure:10607: result: yes
configure:10607: checking for utmp.h
configure:10607: result: yes
configure:10607: checking utmpx.h usability
configure:10607: gcc -c -Os  conftest.c >&5
configure:10607: $? = 0
configure:10607: result: yes
configure:10607: checking utmpx.h presence
configure:10607: gcc -E  conftest.c
configure:10607: $? = 0
configure:10607: result: yes
configure:10607: checking for utmpx.h
configure:10607: result: yes
configure:10620: checking for login_tty
configure:10620: gcc -o conftest -Os   conftest.c  >&5
/tmp/ccMQMA7A.o: In function `main':
conftest.c:(.text.startup+0x4): undefined reference to `login_tty'
collect2: error: ld returned 1 exit status
configure:10620: $? = 1
configure: failed program was:
| /* confdefs.h */
| #define PACKAGE_NAME "shellinabox"
| #define PACKAGE_TARNAME "shellinabox"
| #define PACKAGE_VERSION "2.10"
| #define PACKAGE_STRING "shellinabox 2.10"
| #define PACKAGE_BUGREPORT "markus@shellinabox.com"
| #define PACKAGE_URL ""
| #define VCS_REVISION "204"
| #define PACKAGE "shellinabox"
| #define VERSION "2.10"
| #define STDC_HEADERS 1
| #define HAVE_SYS_TYPES_H 1
| #define HAVE_SYS_STAT_H 1
| #define HAVE_STDLIB_H 1
| #define HAVE_STRING_H 1
| #define HAVE_MEMORY_H 1
| #define HAVE_STRINGS_H 1
| #define HAVE_INTTYPES_H 1
| #define HAVE_STDINT_H 1
| #define HAVE_UNISTD_H 1
| #define HAVE_DLFCN_H 1
| #define LT_OBJDIR ".libs/"
| #define HAVE_PTHREAD_H 1
| #define HAVE_PTY_H 1
| #define HAVE_STRINGS_H 1
| #define HAVE_SYS_PRCTL_H 1
| #define HAVE_SYS_UIO_H 1
| #define HAVE_UTMP_H 1
| #define HAVE_UTMPX_H 1
| /* end confdefs.h.  */
| /* Define login_tty to an innocuous variant, in case <limits.h> declares login_tty.
|    For example, HP-UX 11i <limits.h> declares gettimeofday.  */
| #define login_tty innocuous_login_tty
| 
| /* System header to define __stub macros and hopefully few prototypes,
|     which can conflict with char login_tty (); below.
|     Prefer <limits.h> to <assert.h> if __STDC__ is defined, since
|     <limits.h> exists even on freestanding compilers.  */
| 
| #ifdef __STDC__
| # include <limits.h>
| #else
| # include <assert.h>
| #endif
| 
| #undef login_tty
| 
| /* Override any GCC internal prototype to avoid an error.
|    Use char because int might match the return type of a GCC
|    builtin and then its argument prototype would still apply.  */
| #ifdef __cplusplus
| extern "C"
| #endif
| char login_tty ();
| /* The GNU C library defines this for functions which it implements
|     to always fail with ENOSYS.  Some functions are actually named
|     something starting with __ and the normal name is an alias.  */
| #if defined __stub_login_tty || defined __stub___login_tty
| choke me
| #endif
| 
| int
| main ()
| {
| return login_tty ();
|   ;
|   return 0;
| }
configure:10620: result: no
configure:10627: checking for login_tty in -lutil
configure:10652: gcc -o conftest -Os   conftest.c -lutil   >&5
configure:10652: $? = 0
configure:10661: result: yes
configure:10675: checking for strlcat
configure:10675: gcc -o conftest -Os   conftest.c -lutil  >&5
/tmp/ccyFO13I.o: In function `main':
conftest.c:(.text.startup+0x4): undefined reference to `strlcat'
collect2: error: ld returned 1 exit status
configure:10675: $? = 1
configure: failed program was:
| /* confdefs.h */
| #define PACKAGE_NAME "shellinabox"
| #define PACKAGE_TARNAME "shellinabox"
| #define PACKAGE_VERSION "2.10"
| #define PACKAGE_STRING "shellinabox 2.10"
| #define PACKAGE_BUGREPORT "markus@shellinabox.com"
| #define PACKAGE_URL ""
| #define VCS_REVISION "204"
| #define PACKAGE "shellinabox"
| #define VERSION "2.10"
| #define STDC_HEADERS 1
| #define HAVE_SYS_TYPES_H 1
| #define HAVE_SYS_STAT_H 1
| #define HAVE_STDLIB_H 1
| #define HAVE_STRING_H 1
| #define HAVE_MEMORY_H 1
| #define HAVE_STRINGS_H 1
| #define HAVE_INTTYPES_H 1
| #define HAVE_STDINT_H 1
| #define HAVE_UNISTD_H 1
| #define HAVE_DLFCN_H 1
| #define LT_OBJDIR ".libs/"
| #define HAVE_PTHREAD_H 1
| #define HAVE_PTY_H 1
| #define HAVE_STRINGS_H 1
| #define HAVE_SYS_PRCTL_H 1
| #define HAVE_SYS_UIO_H 1
| #define HAVE_UTMP_H 1
| #define HAVE_UTMPX_H 1
| #define HAVE_LOGIN_TTY 1
| /* end confdefs.h.  */
| /* Define strlcat to an innocuous variant, in case <limits.h> declares strlcat.
|    For example, HP-UX 11i <limits.h> declares gettimeofday.  */
| #define strlcat innocuous_strlcat
| 
| /* System header to define __stub macros and hopefully few prototypes,
|     which can conflict with char strlcat (); below.
|     Prefer <limits.h> to <assert.h> if __STDC__ is defined, since
|     <limits.h> exists even on freestanding compilers.  */
| 
| #ifdef __STDC__
| # include <limits.h>
| #else
| # include <assert.h>
| #endif
| 
| #undef strlcat
| 
| /* Override any GCC internal prototype to avoid an error.
|    Use char because int might match the return type of a GCC
|    builtin and then its argument prototype would still apply.  */
| #ifdef __cplusplus
| extern "C"
| #endif
| char strlcat ();
| /* The GNU C library defines this for functions which it implements
|     to always fail with ENOSYS.  Some functions are actually named
|     something starting with __ and the normal name is an alias.  */
| #if defined __stub_strlcat || defined __stub___strlcat
| choke me
| #endif
| 
| int
| main ()
| {
| return strlcat ();
|   ;
|   return 0;
| }
configure:10675: result: no
configure:10689: checking for getgrgid_r
configure:10689: gcc -o conftest -Os   conftest.c -lutil  >&5
configure:10689: $? = 0
configure:10689: result: yes
configure:10689: checking for getgrnam_r
configure:10689: gcc -o conftest -Os   conftest.c -lutil  >&5
configure:10689: $? = 0
configure:10689: result: yes
configure:10689: checking for getpwnam_r
configure:10689: gcc -o conftest -Os   conftest.c -lutil  >&5
configure:10689: $? = 0
configure:10689: result: yes
configure:10689: checking for getpwuid_r
configure:10689: gcc -o conftest -Os   conftest.c -lutil  >&5
configure:10689: $? = 0
configure:10689: result: yes
configure:10689: checking for openpty
configure:10689: gcc -o conftest -Os   conftest.c -lutil  >&5
configure:10689: $? = 0
configure:10689: result: yes
configure:10689: checking for strcasestr
configure:10689: gcc -o conftest -Os   conftest.c -lutil  >&5
configure:10689: $? = 0
configure:10689: result: yes
configure:10716: gcc -o conftest -Os   conftest.c -lutil  >&5
configure:10716: $? = 0
configure:10736: gcc -o conftest -Os   conftest.c -lutil  >&5
configure:10736: $? = 0
configure:10755: gcc -o conftest -Os   conftest.c -lutil  >&5
configure:10755: $? = 0
configure:10796: checking openssl/bio.h usability
configure:10796: gcc -c -Os  conftest.c >&5
conftest.c:75:25: fatal error: openssl/bio.h: No such file or directory
 #include <openssl/bio.h>
                         ^
compilation terminated.
configure:10796: $? = 1
configure: failed program was:
| /* confdefs.h */
| #define PACKAGE_NAME "shellinabox"
| #define PACKAGE_TARNAME "shellinabox"
| #define PACKAGE_VERSION "2.10"
| #define PACKAGE_STRING "shellinabox 2.10"
| #define PACKAGE_BUGREPORT "markus@shellinabox.com"
| #define PACKAGE_URL ""
| #define VCS_REVISION "204"
| #define PACKAGE "shellinabox"
| #define VERSION "2.10"
| #define STDC_HEADERS 1
| #define HAVE_SYS_TYPES_H 1
| #define HAVE_SYS_STAT_H 1
| #define HAVE_STDLIB_H 1
| #define HAVE_STRING_H 1
| #define HAVE_MEMORY_H 1
| #define HAVE_STRINGS_H 1
| #define HAVE_INTTYPES_H 1
| #define HAVE_STDINT_H 1
| #define HAVE_UNISTD_H 1
| #define HAVE_DLFCN_H 1
| #define LT_OBJDIR ".libs/"
| #define HAVE_PTHREAD_H 1
| #define HAVE_PTY_H 1
| #define HAVE_STRINGS_H 1
| #define HAVE_SYS_PRCTL_H 1
| #define HAVE_SYS_UIO_H 1
| #define HAVE_UTMP_H 1
| #define HAVE_UTMPX_H 1
| #define HAVE_LOGIN_TTY 1
| #define HAVE_GETGRGID_R 1
| #define HAVE_GETGRNAM_R 1
| #define HAVE_GETPWNAM_R 1
| #define HAVE_GETPWUID_R 1
| #define HAVE_OPENPTY 1
| #define HAVE_STRCASESTR 1
| #define HAVE_PTSNAME_R 1
| #define HAVE_SIGWAIT 1
| #define HAVE_ISNAN 1
| #define HAVE_BIN_LOGIN 1
| /* end confdefs.h.  */
| #include <stdio.h>
| #ifdef HAVE_SYS_TYPES_H
| # include <sys/types.h>
| #endif
| #ifdef HAVE_SYS_STAT_H
| # include <sys/stat.h>
| #endif
| #ifdef STDC_HEADERS
| # include <stdlib.h>
| # include <stddef.h>
| #else
| # ifdef HAVE_STDLIB_H
| #  include <stdlib.h>
| # endif
| #endif
| #ifdef HAVE_STRING_H
| # if !defined STDC_HEADERS && defined HAVE_MEMORY_H
| #  include <memory.h>
| # endif
| # include <string.h>
| #endif
| #ifdef HAVE_STRINGS_H
| # include <strings.h>
| #endif
| #ifdef HAVE_INTTYPES_H
| # include <inttypes.h>
| #endif
| #ifdef HAVE_STDINT_H
| # include <stdint.h>
| #endif
| #ifdef HAVE_UNISTD_H
| # include <unistd.h>
| #endif
| #include <openssl/bio.h>
configure:10796: result: no
configure:10796: checking openssl/bio.h presence
configure:10796: gcc -E  conftest.c
conftest.c:42:25: fatal error: openssl/bio.h: No such file or directory
 #include <openssl/bio.h>
                         ^
compilation terminated.
configure:10796: $? = 1
configure: failed program was:
| /* confdefs.h */
| #define PACKAGE_NAME "shellinabox"
| #define PACKAGE_TARNAME "shellinabox"
| #define PACKAGE_VERSION "2.10"
| #define PACKAGE_STRING "shellinabox 2.10"
| #define PACKAGE_BUGREPORT "markus@shellinabox.com"
| #define PACKAGE_URL ""
| #define VCS_REVISION "204"
| #define PACKAGE "shellinabox"
| #define VERSION "2.10"
| #define STDC_HEADERS 1
| #define HAVE_SYS_TYPES_H 1
| #define HAVE_SYS_STAT_H 1
| #define HAVE_STDLIB_H 1
| #define HAVE_STRING_H 1
| #define HAVE_MEMORY_H 1
| #define HAVE_STRINGS_H 1
| #define HAVE_INTTYPES_H 1
| #define HAVE_STDINT_H 1
| #define HAVE_UNISTD_H 1
| #define HAVE_DLFCN_H 1
| #define LT_OBJDIR ".libs/"
| #define HAVE_PTHREAD_H 1
| #define HAVE_PTY_H 1
| #define HAVE_STRINGS_H 1
| #define HAVE_SYS_PRCTL_H 1
| #define HAVE_SYS_UIO_H 1
| #define HAVE_UTMP_H 1
| #define HAVE_UTMPX_H 1
| #define HAVE_LOGIN_TTY 1
| #define HAVE_GETGRGID_R 1
| #define HAVE_GETGRNAM_R 1
| #define HAVE_GETPWNAM_R 1
| #define HAVE_GETPWUID_R 1
| #define HAVE_OPENPTY 1
| #define HAVE_STRCASESTR 1
| #define HAVE_PTSNAME_R 1
| #define HAVE_SIGWAIT 1
| #define HAVE_ISNAN 1
| #define HAVE_BIN_LOGIN 1
| /* end confdefs.h.  */
| #include <openssl/bio.h>
configure:10796: result: no
configure:10796: checking for openssl/bio.h
configure:10796: result: no
configure:10796: checking openssl/err.h usability
configure:10796: gcc -c -Os  conftest.c >&5
conftest.c:75:25: fatal error: openssl/err.h: No such file or directory
 #include <openssl/err.h>
                         ^
compilation terminated.
configure:10796: $? = 1
configure: failed program was:
| /* confdefs.h */
| #define PACKAGE_NAME "shellinabox"
| #define PACKAGE_TARNAME "shellinabox"
| #define PACKAGE_VERSION "2.10"
| #define PACKAGE_STRING "shellinabox 2.10"
| #define PACKAGE_BUGREPORT "markus@shellinabox.com"
| #define PACKAGE_URL ""
| #define VCS_REVISION "204"
| #define PACKAGE "shellinabox"
| #define VERSION "2.10"
| #define STDC_HEADERS 1
| #define HAVE_SYS_TYPES_H 1
| #define HAVE_SYS_STAT_H 1
| #define HAVE_STDLIB_H 1
| #define HAVE_STRING_H 1
| #define HAVE_MEMORY_H 1
| #define HAVE_STRINGS_H 1
| #define HAVE_INTTYPES_H 1
| #define HAVE_STDINT_H 1
| #define HAVE_UNISTD_H 1
| #define HAVE_DLFCN_H 1
| #define LT_OBJDIR ".libs/"
| #define HAVE_PTHREAD_H 1
| #define HAVE_PTY_H 1
| #define HAVE_STRINGS_H 1
| #define HAVE_SYS_PRCTL_H 1
| #define HAVE_SYS_UIO_H 1
| #define HAVE_UTMP_H 1
| #define HAVE_UTMPX_H 1
| #define HAVE_LOGIN_TTY 1
| #define HAVE_GETGRGID_R 1
| #define HAVE_GETGRNAM_R 1
| #define HAVE_GETPWNAM_R 1
| #define HAVE_GETPWUID_R 1
| #define HAVE_OPENPTY 1
| #define HAVE_STRCASESTR 1
| #define HAVE_PTSNAME_R 1
| #define HAVE_SIGWAIT 1
| #define HAVE_ISNAN 1
| #define HAVE_BIN_LOGIN 1
| /* end confdefs.h.  */
| #include <stdio.h>
| #ifdef HAVE_SYS_TYPES_H
| # include <sys/types.h>
| #endif
| #ifdef HAVE_SYS_STAT_H
| # include <sys/stat.h>
| #endif
| #ifdef STDC_HEADERS
| # include <stdlib.h>
| # include <stddef.h>
| #else
| # ifdef HAVE_STDLIB_H
| #  include <stdlib.h>
| # endif
| #endif
| #ifdef HAVE_STRING_H
| # if !defined STDC_HEADERS && defined HAVE_MEMORY_H
| #  include <memory.h>
| # endif
| # include <string.h>
| #endif
| #ifdef HAVE_STRINGS_H
| # include <strings.h>
| #endif
| #ifdef HAVE_INTTYPES_H
| # include <inttypes.h>
| #endif
| #ifdef HAVE_STDINT_H
| # include <stdint.h>
| #endif
| #ifdef HAVE_UNISTD_H
| # include <unistd.h>
| #endif
| #include <openssl/err.h>
configure:10796: result: no
configure:10796: checking openssl/err.h presence
configure:10796: gcc -E  conftest.c
conftest.c:42:25: fatal error: openssl/err.h: No such file or directory
 #include <openssl/err.h>
                         ^
compilation terminated.
configure:10796: $? = 1
configure: failed program was:
| /* confdefs.h */
| #define PACKAGE_NAME "shellinabox"
| #define PACKAGE_TARNAME "shellinabox"
| #define PACKAGE_VERSION "2.10"
| #define PACKAGE_STRING "shellinabox 2.10"
| #define PACKAGE_BUGREPORT "markus@shellinabox.com"
| #define PACKAGE_URL ""
| #define VCS_REVISION "204"
| #define PACKAGE "shellinabox"
| #define VERSION "2.10"
| #define STDC_HEADERS 1
| #define HAVE_SYS_TYPES_H 1
| #define HAVE_SYS_STAT_H 1
| #define HAVE_STDLIB_H 1
| #define HAVE_STRING_H 1
| #define HAVE_MEMORY_H 1
| #define HAVE_STRINGS_H 1
| #define HAVE_INTTYPES_H 1
| #define HAVE_STDINT_H 1
| #define HAVE_UNISTD_H 1
| #define HAVE_DLFCN_H 1
| #define LT_OBJDIR ".libs/"
| #define HAVE_PTHREAD_H 1
| #define HAVE_PTY_H 1
| #define HAVE_STRINGS_H 1
| #define HAVE_SYS_PRCTL_H 1
| #define HAVE_SYS_UIO_H 1
| #define HAVE_UTMP_H 1
| #define HAVE_UTMPX_H 1
| #define HAVE_LOGIN_TTY 1
| #define HAVE_GETGRGID_R 1
| #define HAVE_GETGRNAM_R 1
| #define HAVE_GETPWNAM_R 1
| #define HAVE_GETPWUID_R 1
| #define HAVE_OPENPTY 1
| #define HAVE_STRCASESTR 1
| #define HAVE_PTSNAME_R 1
| #define HAVE_SIGWAIT 1
| #define HAVE_ISNAN 1
| #define HAVE_BIN_LOGIN 1
| /* end confdefs.h.  */
| #include <openssl/err.h>
configure:10796: result: no
configure:10796: checking for openssl/err.h
configure:10796: result: no
configure:10796: checking openssl/ssl.h usability
configure:10796: gcc -c -Os  conftest.c >&5
conftest.c:75:25: fatal error: openssl/ssl.h: No such file or directory
 #include <openssl/ssl.h>
                         ^
compilation terminated.
configure:10796: $? = 1
configure: failed program was:
| /* confdefs.h */
| #define PACKAGE_NAME "shellinabox"
| #define PACKAGE_TARNAME "shellinabox"
| #define PACKAGE_VERSION "2.10"
| #define PACKAGE_STRING "shellinabox 2.10"
| #define PACKAGE_BUGREPORT "markus@shellinabox.com"
| #define PACKAGE_URL ""
| #define VCS_REVISION "204"
| #define PACKAGE "shellinabox"
| #define VERSION "2.10"
| #define STDC_HEADERS 1
| #define HAVE_SYS_TYPES_H 1
| #define HAVE_SYS_STAT_H 1
| #define HAVE_STDLIB_H 1
| #define HAVE_STRING_H 1
| #define HAVE_MEMORY_H 1
| #define HAVE_STRINGS_H 1
| #define HAVE_INTTYPES_H 1
| #define HAVE_STDINT_H 1
| #define HAVE_UNISTD_H 1
| #define HAVE_DLFCN_H 1
| #define LT_OBJDIR ".libs/"
| #define HAVE_PTHREAD_H 1
| #define HAVE_PTY_H 1
| #define HAVE_STRINGS_H 1
| #define HAVE_SYS_PRCTL_H 1
| #define HAVE_SYS_UIO_H 1
| #define HAVE_UTMP_H 1
| #define HAVE_UTMPX_H 1
| #define HAVE_LOGIN_TTY 1
| #define HAVE_GETGRGID_R 1
| #define HAVE_GETGRNAM_R 1
| #define HAVE_GETPWNAM_R 1
| #define HAVE_GETPWUID_R 1
| #define HAVE_OPENPTY 1
| #define HAVE_STRCASESTR 1
| #define HAVE_PTSNAME_R 1
| #define HAVE_SIGWAIT 1
| #define HAVE_ISNAN 1
| #define HAVE_BIN_LOGIN 1
| /* end confdefs.h.  */
| #include <stdio.h>
| #ifdef HAVE_SYS_TYPES_H
| # include <sys/types.h>
| #endif
| #ifdef HAVE_SYS_STAT_H
| # include <sys/stat.h>
| #endif
| #ifdef STDC_HEADERS
| # include <stdlib.h>
| # include <stddef.h>
| #else
| # ifdef HAVE_STDLIB_H
| #  include <stdlib.h>
| # endif
| #endif
| #ifdef HAVE_STRING_H
| # if !defined STDC_HEADERS && defined HAVE_MEMORY_H
| #  include <memory.h>
| # endif
| # include <string.h>
| #endif
| #ifdef HAVE_STRINGS_H
| # include <strings.h>
| #endif
| #ifdef HAVE_INTTYPES_H
| # include <inttypes.h>
| #endif
| #ifdef HAVE_STDINT_H
| # include <stdint.h>
| #endif
| #ifdef HAVE_UNISTD_H
| # include <unistd.h>
| #endif
| #include <openssl/ssl.h>
configure:10796: result: no
configure:10796: checking openssl/ssl.h presence
configure:10796: gcc -E  conftest.c
conftest.c:42:25: fatal error: openssl/ssl.h: No such file or directory
 #include <openssl/ssl.h>
                         ^
compilation terminated.
configure:10796: $? = 1
configure: failed program was:
| /* confdefs.h */
| #define PACKAGE_NAME "shellinabox"
| #define PACKAGE_TARNAME "shellinabox"
| #define PACKAGE_VERSION "2.10"
| #define PACKAGE_STRING "shellinabox 2.10"
| #define PACKAGE_BUGREPORT "markus@shellinabox.com"
| #define PACKAGE_URL ""
| #define VCS_REVISION "204"
| #define PACKAGE "shellinabox"
| #define VERSION "2.10"
| #define STDC_HEADERS 1
| #define HAVE_SYS_TYPES_H 1
| #define HAVE_SYS_STAT_H 1
| #define HAVE_STDLIB_H 1
| #define HAVE_STRING_H 1
| #define HAVE_MEMORY_H 1
| #define HAVE_STRINGS_H 1
| #define HAVE_INTTYPES_H 1
| #define HAVE_STDINT_H 1
| #define HAVE_UNISTD_H 1
| #define HAVE_DLFCN_H 1
| #define LT_OBJDIR ".libs/"
| #define HAVE_PTHREAD_H 1
| #define HAVE_PTY_H 1
| #define HAVE_STRINGS_H 1
| #define HAVE_SYS_PRCTL_H 1
| #define HAVE_SYS_UIO_H 1
| #define HAVE_UTMP_H 1
| #define HAVE_UTMPX_H 1
| #define HAVE_LOGIN_TTY 1
| #define HAVE_GETGRGID_R 1
| #define HAVE_GETGRNAM_R 1
| #define HAVE_GETPWNAM_R 1
| #define HAVE_GETPWUID_R 1
| #define HAVE_OPENPTY 1
| #define HAVE_STRCASESTR 1
| #define HAVE_PTSNAME_R 1
| #define HAVE_SIGWAIT 1
| #define HAVE_ISNAN 1
| #define HAVE_BIN_LOGIN 1
| /* end confdefs.h.  */
| #include <openssl/ssl.h>
configure:10796: result: no
configure:10796: checking for openssl/ssl.h
configure:10796: result: no
configure:10813: checking security/pam_appl.h usability
configure:10813: gcc -c -Os  conftest.c >&5
conftest.c:75:31: fatal error: security/pam_appl.h: No such file or directory
 #include <security/pam_appl.h>
                               ^
compilation terminated.
configure:10813: $? = 1
configure: failed program was:
| /* confdefs.h */
| #define PACKAGE_NAME "shellinabox"
| #define PACKAGE_TARNAME "shellinabox"
| #define PACKAGE_VERSION "2.10"
| #define PACKAGE_STRING "shellinabox 2.10"
| #define PACKAGE_BUGREPORT "markus@shellinabox.com"
| #define PACKAGE_URL ""
| #define VCS_REVISION "204"
| #define PACKAGE "shellinabox"
| #define VERSION "2.10"
| #define STDC_HEADERS 1
| #define HAVE_SYS_TYPES_H 1
| #define HAVE_SYS_STAT_H 1
| #define HAVE_STDLIB_H 1
| #define HAVE_STRING_H 1
| #define HAVE_MEMORY_H 1
| #define HAVE_STRINGS_H 1
| #define HAVE_INTTYPES_H 1
| #define HAVE_STDINT_H 1
| #define HAVE_UNISTD_H 1
| #define HAVE_DLFCN_H 1
| #define LT_OBJDIR ".libs/"
| #define HAVE_PTHREAD_H 1
| #define HAVE_PTY_H 1
| #define HAVE_STRINGS_H 1
| #define HAVE_SYS_PRCTL_H 1
| #define HAVE_SYS_UIO_H 1
| #define HAVE_UTMP_H 1
| #define HAVE_UTMPX_H 1
| #define HAVE_LOGIN_TTY 1
| #define HAVE_GETGRGID_R 1
| #define HAVE_GETGRNAM_R 1
| #define HAVE_GETPWNAM_R 1
| #define HAVE_GETPWUID_R 1
| #define HAVE_OPENPTY 1
| #define HAVE_STRCASESTR 1
| #define HAVE_PTSNAME_R 1
| #define HAVE_SIGWAIT 1
| #define HAVE_ISNAN 1
| #define HAVE_BIN_LOGIN 1
| /* end confdefs.h.  */
| #include <stdio.h>
| #ifdef HAVE_SYS_TYPES_H
| # include <sys/types.h>
| #endif
| #ifdef HAVE_SYS_STAT_H
| # include <sys/stat.h>
| #endif
| #ifdef STDC_HEADERS
| # include <stdlib.h>
| # include <stddef.h>
| #else
| # ifdef HAVE_STDLIB_H
| #  include <stdlib.h>
| # endif
| #endif
| #ifdef HAVE_STRING_H
| # if !defined STDC_HEADERS && defined HAVE_MEMORY_H
| #  include <memory.h>
| # endif
| # include <string.h>
| #endif
| #ifdef HAVE_STRINGS_H
| # include <strings.h>
| #endif
| #ifdef HAVE_INTTYPES_H
| # include <inttypes.h>
| #endif
| #ifdef HAVE_STDINT_H
| # include <stdint.h>
| #endif
| #ifdef HAVE_UNISTD_H
| # include <unistd.h>
| #endif
| #include <security/pam_appl.h>
configure:10813: result: no
configure:10813: checking security/pam_appl.h presence
configure:10813: gcc -E  conftest.c
conftest.c:42:31: fatal error: security/pam_appl.h: No such file or directory
 #include <security/pam_appl.h>
                               ^
compilation terminated.
configure:10813: $? = 1
configure: failed program was:
| /* confdefs.h */
| #define PACKAGE_NAME "shellinabox"
| #define PACKAGE_TARNAME "shellinabox"
| #define PACKAGE_VERSION "2.10"
| #define PACKAGE_STRING "shellinabox 2.10"
| #define PACKAGE_BUGREPORT "markus@shellinabox.com"
| #define PACKAGE_URL ""
| #define VCS_REVISION "204"
| #define PACKAGE "shellinabox"
| #define VERSION "2.10"
| #define STDC_HEADERS 1
| #define HAVE_SYS_TYPES_H 1
| #define HAVE_SYS_STAT_H 1
| #define HAVE_STDLIB_H 1
| #define HAVE_STRING_H 1
| #define HAVE_MEMORY_H 1
| #define HAVE_STRINGS_H 1
| #define HAVE_INTTYPES_H 1
| #define HAVE_STDINT_H 1
| #define HAVE_UNISTD_H 1
| #define HAVE_DLFCN_H 1
| #define LT_OBJDIR ".libs/"
| #define HAVE_PTHREAD_H 1
| #define HAVE_PTY_H 1
| #define HAVE_STRINGS_H 1
| #define HAVE_SYS_PRCTL_H 1
| #define HAVE_SYS_UIO_H 1
| #define HAVE_UTMP_H 1
| #define HAVE_UTMPX_H 1
| #define HAVE_LOGIN_TTY 1
| #define HAVE_GETGRGID_R 1
| #define HAVE_GETGRNAM_R 1
| #define HAVE_GETPWNAM_R 1
| #define HAVE_GETPWUID_R 1
| #define HAVE_OPENPTY 1
| #define HAVE_STRCASESTR 1
| #define HAVE_PTSNAME_R 1
| #define HAVE_SIGWAIT 1
| #define HAVE_ISNAN 1
| #define HAVE_BIN_LOGIN 1
| /* end confdefs.h.  */
| #include <security/pam_appl.h>
configure:10813: result: no
configure:10813: checking for security/pam_appl.h
configure:10813: result: no
configure:10813: checking security/pam_client.h usability
configure:10813: gcc -c -Os  conftest.c >&5
conftest.c:75:33: fatal error: security/pam_client.h: No such file or directory
 #include <security/pam_client.h>
                                 ^
compilation terminated.
configure:10813: $? = 1
configure: failed program was:
| /* confdefs.h */
| #define PACKAGE_NAME "shellinabox"
| #define PACKAGE_TARNAME "shellinabox"
| #define PACKAGE_VERSION "2.10"
| #define PACKAGE_STRING "shellinabox 2.10"
| #define PACKAGE_BUGREPORT "markus@shellinabox.com"
| #define PACKAGE_URL ""
| #define VCS_REVISION "204"
| #define PACKAGE "shellinabox"
| #define VERSION "2.10"
| #define STDC_HEADERS 1
| #define HAVE_SYS_TYPES_H 1
| #define HAVE_SYS_STAT_H 1
| #define HAVE_STDLIB_H 1
| #define HAVE_STRING_H 1
| #define HAVE_MEMORY_H 1
| #define HAVE_STRINGS_H 1
| #define HAVE_INTTYPES_H 1
| #define HAVE_STDINT_H 1
| #define HAVE_UNISTD_H 1
| #define HAVE_DLFCN_H 1
| #define LT_OBJDIR ".libs/"
| #define HAVE_PTHREAD_H 1
| #define HAVE_PTY_H 1
| #define HAVE_STRINGS_H 1
| #define HAVE_SYS_PRCTL_H 1
| #define HAVE_SYS_UIO_H 1
| #define HAVE_UTMP_H 1
| #define HAVE_UTMPX_H 1
| #define HAVE_LOGIN_TTY 1
| #define HAVE_GETGRGID_R 1
| #define HAVE_GETGRNAM_R 1
| #define HAVE_GETPWNAM_R 1
| #define HAVE_GETPWUID_R 1
| #define HAVE_OPENPTY 1
| #define HAVE_STRCASESTR 1
| #define HAVE_PTSNAME_R 1
| #define HAVE_SIGWAIT 1
| #define HAVE_ISNAN 1
| #define HAVE_BIN_LOGIN 1
| /* end confdefs.h.  */
| #include <stdio.h>
| #ifdef HAVE_SYS_TYPES_H
| # include <sys/types.h>
| #endif
| #ifdef HAVE_SYS_STAT_H
| # include <sys/stat.h>
| #endif
| #ifdef STDC_HEADERS
| # include <stdlib.h>
| # include <stddef.h>
| #else
| # ifdef HAVE_STDLIB_H
| #  include <stdlib.h>
| # endif
| #endif
| #ifdef HAVE_STRING_H
| # if !defined STDC_HEADERS && defined HAVE_MEMORY_H
| #  include <memory.h>
| # endif
| # include <string.h>
| #endif
| #ifdef HAVE_STRINGS_H
| # include <strings.h>
| #endif
| #ifdef HAVE_INTTYPES_H
| # include <inttypes.h>
| #endif
| #ifdef HAVE_STDINT_H
| # include <stdint.h>
| #endif
| #ifdef HAVE_UNISTD_H
| # include <unistd.h>
| #endif
| #include <security/pam_client.h>
configure:10813: result: no
configure:10813: checking security/pam_client.h presence
configure:10813: gcc -E  conftest.c
conftest.c:42:33: fatal error: security/pam_client.h: No such file or directory
 #include <security/pam_client.h>
                                 ^
compilation terminated.
configure:10813: $? = 1
configure: failed program was:
| /* confdefs.h */
| #define PACKAGE_NAME "shellinabox"
| #define PACKAGE_TARNAME "shellinabox"
| #define PACKAGE_VERSION "2.10"
| #define PACKAGE_STRING "shellinabox 2.10"
| #define PACKAGE_BUGREPORT "markus@shellinabox.com"
| #define PACKAGE_URL ""
| #define VCS_REVISION "204"
| #define PACKAGE "shellinabox"
| #define VERSION "2.10"
| #define STDC_HEADERS 1
| #define HAVE_SYS_TYPES_H 1
| #define HAVE_SYS_STAT_H 1
| #define HAVE_STDLIB_H 1
| #define HAVE_STRING_H 1
| #define HAVE_MEMORY_H 1
| #define HAVE_STRINGS_H 1
| #define HAVE_INTTYPES_H 1
| #define HAVE_STDINT_H 1
| #define HAVE_UNISTD_H 1
| #define HAVE_DLFCN_H 1
| #define LT_OBJDIR ".libs/"
| #define HAVE_PTHREAD_H 1
| #define HAVE_PTY_H 1
| #define HAVE_STRINGS_H 1
| #define HAVE_SYS_PRCTL_H 1
| #define HAVE_SYS_UIO_H 1
| #define HAVE_UTMP_H 1
| #define HAVE_UTMPX_H 1
| #define HAVE_LOGIN_TTY 1
| #define HAVE_GETGRGID_R 1
| #define HAVE_GETGRNAM_R 1
| #define HAVE_GETPWNAM_R 1
| #define HAVE_GETPWUID_R 1
| #define HAVE_OPENPTY 1
| #define HAVE_STRCASESTR 1
| #define HAVE_PTSNAME_R 1
| #define HAVE_SIGWAIT 1
| #define HAVE_ISNAN 1
| #define HAVE_BIN_LOGIN 1
| /* end confdefs.h.  */
| #include <security/pam_client.h>
configure:10813: result: no
configure:10813: checking for security/pam_client.h
configure:10813: result: no
configure:10813: checking security/pam_misc.h usability
configure:10813: gcc -c -Os  conftest.c >&5
conftest.c:75:31: fatal error: security/pam_misc.h: No such file or directory
 #include <security/pam_misc.h>
                               ^
compilation terminated.
configure:10813: $? = 1
configure: failed program was:
| /* confdefs.h */
| #define PACKAGE_NAME "shellinabox"
| #define PACKAGE_TARNAME "shellinabox"
| #define PACKAGE_VERSION "2.10"
| #define PACKAGE_STRING "shellinabox 2.10"
| #define PACKAGE_BUGREPORT "markus@shellinabox.com"
| #define PACKAGE_URL ""
| #define VCS_REVISION "204"
| #define PACKAGE "shellinabox"
| #define VERSION "2.10"
| #define STDC_HEADERS 1
| #define HAVE_SYS_TYPES_H 1
| #define HAVE_SYS_STAT_H 1
| #define HAVE_STDLIB_H 1
| #define HAVE_STRING_H 1
| #define HAVE_MEMORY_H 1
| #define HAVE_STRINGS_H 1
| #define HAVE_INTTYPES_H 1
| #define HAVE_STDINT_H 1
| #define HAVE_UNISTD_H 1
| #define HAVE_DLFCN_H 1
| #define LT_OBJDIR ".libs/"
| #define HAVE_PTHREAD_H 1
| #define HAVE_PTY_H 1
| #define HAVE_STRINGS_H 1
| #define HAVE_SYS_PRCTL_H 1
| #define HAVE_SYS_UIO_H 1
| #define HAVE_UTMP_H 1
| #define HAVE_UTMPX_H 1
| #define HAVE_LOGIN_TTY 1
| #define HAVE_GETGRGID_R 1
| #define HAVE_GETGRNAM_R 1
| #define HAVE_GETPWNAM_R 1
| #define HAVE_GETPWUID_R 1
| #define HAVE_OPENPTY 1
| #define HAVE_STRCASESTR 1
| #define HAVE_PTSNAME_R 1
| #define HAVE_SIGWAIT 1
| #define HAVE_ISNAN 1
| #define HAVE_BIN_LOGIN 1
| /* end confdefs.h.  */
| #include <stdio.h>
| #ifdef HAVE_SYS_TYPES_H
| # include <sys/types.h>
| #endif
| #ifdef HAVE_SYS_STAT_H
| # include <sys/stat.h>
| #endif
| #ifdef STDC_HEADERS
| # include <stdlib.h>
| # include <stddef.h>
| #else
| # ifdef HAVE_STDLIB_H
| #  include <stdlib.h>
| # endif
| #endif
| #ifdef HAVE_STRING_H
| # if !defined STDC_HEADERS && defined HAVE_MEMORY_H
| #  include <memory.h>
| # endif
| # include <string.h>
| #endif
| #ifdef HAVE_STRINGS_H
| # include <strings.h>
| #endif
| #ifdef HAVE_INTTYPES_H
| # include <inttypes.h>
| #endif
| #ifdef HAVE_STDINT_H
| # include <stdint.h>
| #endif
| #ifdef HAVE_UNISTD_H
| # include <unistd.h>
| #endif
| #include <security/pam_misc.h>
configure:10813: result: no
configure:10813: checking security/pam_misc.h presence
configure:10813: gcc -E  conftest.c
conftest.c:42:31: fatal error: security/pam_misc.h: No such file or directory
 #include <security/pam_misc.h>
                               ^
compilation terminated.
configure:10813: $? = 1
configure: failed program was:
| /* confdefs.h */
| #define PACKAGE_NAME "shellinabox"
| #define PACKAGE_TARNAME "shellinabox"
| #define PACKAGE_VERSION "2.10"
| #define PACKAGE_STRING "shellinabox 2.10"
| #define PACKAGE_BUGREPORT "markus@shellinabox.com"
| #define PACKAGE_URL ""
| #define VCS_REVISION "204"
| #define PACKAGE "shellinabox"
| #define VERSION "2.10"
| #define STDC_HEADERS 1
| #define HAVE_SYS_TYPES_H 1
| #define HAVE_SYS_STAT_H 1
| #define HAVE_STDLIB_H 1
| #define HAVE_STRING_H 1
| #define HAVE_MEMORY_H 1
| #define HAVE_STRINGS_H 1
| #define HAVE_INTTYPES_H 1
| #define HAVE_STDINT_H 1
| #define HAVE_UNISTD_H 1
| #define HAVE_DLFCN_H 1
| #define LT_OBJDIR ".libs/"
| #define HAVE_PTHREAD_H 1
| #define HAVE_PTY_H 1
| #define HAVE_STRINGS_H 1
| #define HAVE_SYS_PRCTL_H 1
| #define HAVE_SYS_UIO_H 1
| #define HAVE_UTMP_H 1
| #define HAVE_UTMPX_H 1
| #define HAVE_LOGIN_TTY 1
| #define HAVE_GETGRGID_R 1
| #define HAVE_GETGRNAM_R 1
| #define HAVE_GETPWNAM_R 1
| #define HAVE_GETPWUID_R 1
| #define HAVE_OPENPTY 1
| #define HAVE_STRCASESTR 1
| #define HAVE_PTSNAME_R 1
| #define HAVE_SIGWAIT 1
| #define HAVE_ISNAN 1
| #define HAVE_BIN_LOGIN 1
| /* end confdefs.h.  */
| #include <security/pam_misc.h>
configure:10813: result: no
configure:10813: checking for security/pam_misc.h
configure:10813: result: no
configure:10828: checking for dlopen
configure:10828: gcc -o conftest -Os   conftest.c -lutil  >&5
/tmp/ccgDqFDd.o: In function `main':
conftest.c:(.text.startup+0x4): undefined reference to `dlopen'
collect2: error: ld returned 1 exit status
configure:10828: $? = 1
configure: failed program was:
| /* confdefs.h */
| #define PACKAGE_NAME "shellinabox"
| #define PACKAGE_TARNAME "shellinabox"
| #define PACKAGE_VERSION "2.10"
| #define PACKAGE_STRING "shellinabox 2.10"
| #define PACKAGE_BUGREPORT "markus@shellinabox.com"
| #define PACKAGE_URL ""
| #define VCS_REVISION "204"
| #define PACKAGE "shellinabox"
| #define VERSION "2.10"
| #define STDC_HEADERS 1
| #define HAVE_SYS_TYPES_H 1
| #define HAVE_SYS_STAT_H 1
| #define HAVE_STDLIB_H 1
| #define HAVE_STRING_H 1
| #define HAVE_MEMORY_H 1
| #define HAVE_STRINGS_H 1
| #define HAVE_INTTYPES_H 1
| #define HAVE_STDINT_H 1
| #define HAVE_UNISTD_H 1
| #define HAVE_DLFCN_H 1
| #define LT_OBJDIR ".libs/"
| #define HAVE_PTHREAD_H 1
| #define HAVE_PTY_H 1
| #define HAVE_STRINGS_H 1
| #define HAVE_SYS_PRCTL_H 1
| #define HAVE_SYS_UIO_H 1
| #define HAVE_UTMP_H 1
| #define HAVE_UTMPX_H 1
| #define HAVE_LOGIN_TTY 1
| #define HAVE_GETGRGID_R 1
| #define HAVE_GETGRNAM_R 1
| #define HAVE_GETPWNAM_R 1
| #define HAVE_GETPWUID_R 1
| #define HAVE_OPENPTY 1
| #define HAVE_STRCASESTR 1
| #define HAVE_PTSNAME_R 1
| #define HAVE_SIGWAIT 1
| #define HAVE_ISNAN 1
| #define HAVE_BIN_LOGIN 1
| /* end confdefs.h.  */
| /* Define dlopen to an innocuous variant, in case <limits.h> declares dlopen.
|    For example, HP-UX 11i <limits.h> declares gettimeofday.  */
| #define dlopen innocuous_dlopen
| 
| /* System header to define __stub macros and hopefully few prototypes,
|     which can conflict with char dlopen (); below.
|     Prefer <limits.h> to <assert.h> if __STDC__ is defined, since
|     <limits.h> exists even on freestanding compilers.  */
| 
| #ifdef __STDC__
| # include <limits.h>
| #else
| # include <assert.h>
| #endif
| 
| #undef dlopen
| 
| /* Override any GCC internal prototype to avoid an error.
|    Use char because int might match the return type of a GCC
|    builtin and then its argument prototype would still apply.  */
| #ifdef __cplusplus
| extern "C"
| #endif
| char dlopen ();
| /* The GNU C library defines this for functions which it implements
|     to always fail with ENOSYS.  Some functions are actually named
|     something starting with __ and the normal name is an alias.  */
| #if defined __stub_dlopen || defined __stub___dlopen
| choke me
| #endif
| 
| int
| main ()
| {
| return dlopen ();
|   ;
|   return 0;
| }
configure:10828: result: no
configure:10835: checking for dlopen in -ldl
configure:10860: gcc -o conftest -Os   conftest.c -ldl  -lutil  >&5
configure:10860: $? = 0
configure:10869: result: yes
configure:10920: checking for deflate in -lz
configure:10945: gcc -o conftest -Os   conftest.c -lz  -ldl -lutil  >&5
configure:10945: $? = 0
configure:10954: result: yes
configure:10958: checking zlib.h usability
configure:10958: gcc -c -Os  conftest.c >&5
configure:10958: $? = 0
configure:10958: result: yes
configure:10958: checking zlib.h presence
configure:10958: gcc -E  conftest.c
configure:10958: $? = 0
configure:10958: result: yes
configure:10958: checking for zlib.h
configure:10958: result: yes
configure:11103: creating ./config.status

## ---------------- ##
## Cache variables. ##
## ---------------- ##

ac_cv_build=x86_64-unknown-linux-gnu
ac_cv_c_compiler_gnu=yes
ac_cv_c_const=yes
ac_cv_env_CC_set=
ac_cv_env_CC_value=
ac_cv_env_CFLAGS_set=
ac_cv_env_CFLAGS_value=
ac_cv_env_CPPFLAGS_set=
ac_cv_env_CPPFLAGS_value=
ac_cv_env_CPP_set=
ac_cv_env_CPP_value=
ac_cv_env_LDFLAGS_set=
ac_cv_env_LDFLAGS_value=
ac_cv_env_LIBS_set=
ac_cv_env_LIBS_value=
ac_cv_env_build_alias_set=
ac_cv_env_build_alias_value=
ac_cv_env_host_alias_set=
ac_cv_env_host_alias_value=
ac_cv_env_target_alias_set=
ac_cv_env_target_alias_value=
ac_cv_func_dlopen=no
ac_cv_func_getgrgid_r=yes
ac_cv_func_getgrnam_r=yes
ac_cv_func_getpwnam_r=yes
ac_cv_func_getpwuid_r=yes
ac_cv_func_login_tty=no
ac_cv_func_openpty=yes
ac_cv_func_strcasestr=yes
ac_cv_func_strlcat=no
ac_cv_header_dlfcn_h=yes
ac_cv_header_inttypes_h=yes
ac_cv_header_libutil_h=no
ac_cv_header_memory_h=yes
ac_cv_header_openssl_bio_h=no
ac_cv_header_openssl_err_h=no
ac_cv_header_openssl_ssl_h=no
ac_cv_header_pthread_h=yes
ac_cv_header_pty_h=yes
ac_cv_header_security_pam_appl_h=no
ac_cv_header_security_pam_client_h=no
ac_cv_header_security_pam_misc_h=no
ac_cv_header_stdc=yes
ac_cv_header_stdint_h=yes
ac_cv_header_stdlib_h=yes
ac_cv_header_string_h=yes
ac_cv_header_strings_h=yes
ac_cv_header_sys_prctl_h=yes
ac_cv_header_sys_stat_h=yes
ac_cv_header_sys_types_h=yes
ac_cv_header_sys_uio_h=yes
ac_cv_header_unistd_h=yes
ac_cv_header_util_h=no
ac_cv_header_utmp_h=yes
ac_cv_header_utmpx_h=yes
ac_cv_header_zlib_h=yes
ac_cv_host=x86_64-unknown-linux-gnu
ac_cv_lib_dl_dlopen=yes
ac_cv_lib_util_login_tty=yes
ac_cv_lib_z_deflate=yes
ac_cv_objext=o
ac_cv_path_EGREP='/usr/bin/grep -E'
ac_cv_path_FGREP='/usr/bin/grep -F'
ac_cv_path_GREP=/usr/bin/grep
ac_cv_path_SED=/usr/bin/sed
ac_cv_path_install='/usr/bin/install -c'
ac_cv_path_mkdir=/usr/bin/mkdir
ac_cv_prog_AWK=gawk
ac_cv_prog_CPP='gcc -E'
ac_cv_prog_ac_ct_AR=ar
ac_cv_prog_ac_ct_CC=gcc
ac_cv_prog_ac_ct_OBJDUMP=objdump
ac_cv_prog_ac_ct_RANLIB=ranlib
ac_cv_prog_ac_ct_STRIP=strip
ac_cv_prog_cc_c89=
ac_cv_prog_cc_g=yes
ac_cv_prog_gcc_traditional=no
ac_cv_prog_make_make_set=yes
am_cv_CC_dependencies_compiler_type=gcc3
lt_cv_deplibs_check_method=pass_all
lt_cv_file_magic_cmd='$MAGIC_CMD'
lt_cv_file_magic_test_file=
lt_cv_ld_reload_flag=-r
lt_cv_nm_interface='BSD nm'
lt_cv_objdir=.libs
lt_cv_path_LD=/usr/bin/ld
lt_cv_path_NM='/usr/bin/nm -B'
lt_cv_prog_compiler_c_o=yes
lt_cv_prog_compiler_pic_works=yes
lt_cv_prog_compiler_rtti_exceptions=no
lt_cv_prog_compiler_static_works=no
lt_cv_prog_gnu_ld=yes
lt_cv_sys_global_symbol_pipe='sed -n -e '\''s/^.*[	 ]\([ABCDGIRSTW][ABCDGIRSTW]*\)[	 ][	 ]*\([_A-Za-z][_A-Za-z0-9]*\)$/\1 \2 \2/p'\'''
lt_cv_sys_global_symbol_to_c_name_address='sed -n -e '\''s/^: \([^ ]*\) $/  {\"\1\", (void *) 0},/p'\'' -e '\''s/^[ABCDGIRSTW]* \([^ ]*\) \([^ ]*\)$/  {"\2", (void *) \&\2},/p'\'''
lt_cv_sys_global_symbol_to_c_name_address_lib_prefix='sed -n -e '\''s/^: \([^ ]*\) $/  {\"\1\", (void *) 0},/p'\'' -e '\''s/^[ABCDGIRSTW]* \([^ ]*\) \(lib[^ ]*\)$/  {"\2", (void *) \&\2},/p'\'' -e '\''s/^[ABCDGIRSTW]* \([^ ]*\) \([^ ]*\)$/  {"lib\2", (void *) \&\2},/p'\'''
lt_cv_sys_global_symbol_to_cdecl='sed -n -e '\''s/^T .* \(.*\)$/extern int \1();/p'\'' -e '\''s/^[ABCDGIRSTW]* .* \(.*\)$/extern char \1;/p'\'''
lt_cv_sys_max_cmd_len=1572864

## ----------------- ##
## Output variables. ##
## ----------------- ##

ACLOCAL='${SHELL} /home/dliutkevicius/Documents/RUT9/rut900_wrt/package/shellinabox/src/missing --run aclocal-1.11'
AMDEPBACKSLASH='\'
AMDEP_FALSE='#'
AMDEP_TRUE=''
AMTAR='${SHELL} /home/dliutkevicius/Documents/RUT9/rut900_wrt/package/shellinabox/src/missing --run tar'
AR='ar'
AUTOCONF='${SHELL} /home/dliutkevicius/Documents/RUT9/rut900_wrt/package/shellinabox/src/missing --run autoconf'
AUTOHEADER='${SHELL} /home/dliutkevicius/Documents/RUT9/rut900_wrt/package/shellinabox/src/missing --run autoheader'
AUTOMAKE='${SHELL} /home/dliutkevicius/Documents/RUT9/rut900_wrt/package/shellinabox/src/missing --run automake-1.11'
AWK='gawk'
CC='gcc'
CCDEPMODE='depmode=gcc3'
CFLAGS='-Os'
CPP='gcc -E'
CPPFLAGS=''
CYGPATH_W='echo'
DEFS='-DHAVE_CONFIG_H'
DEPDIR='.deps'
DSYMUTIL=''
DUMPBIN=''
ECHO_C=''
ECHO_N='-n'
ECHO_T=''
EGREP='/usr/bin/grep -E'
EXEEXT=''
FGREP='/usr/bin/grep -F'
GREP='/usr/bin/grep'
INSTALL_DATA='${INSTALL} -m 644'
INSTALL_PROGRAM='${INSTALL}'
INSTALL_SCRIPT='${INSTALL}'
INSTALL_STRIP_PROGRAM='$(install_sh) -c -s'
LD='/usr/bin/ld -m elf_x86_64'
LDFLAGS=''
LIBOBJS=''
LIBS='-lz -ldl -lutil '
LIBTOOL='$(SHELL) $(top_builddir)/libtool'
LIBTOOL_DEPS='./ltmain.sh'
LIPO=''
LN_S='ln -s'
LTLIBOBJS=''
MAKEINFO='${SHELL} /home/dliutkevicius/Documents/RUT9/rut900_wrt/package/shellinabox/src/missing --run makeinfo'
MKDIR_P='/usr/bin/mkdir -p'
NM='/usr/bin/nm -B'
NMEDIT=''
OBJDUMP='objdump'
OBJEXT='o'
OTOOL64=''
OTOOL=''
PACKAGE='shellinabox'
PACKAGE_BUGREPORT='markus@shellinabox.com'
PACKAGE_NAME='shellinabox'
PACKAGE_STRING='shellinabox 2.10'
PACKAGE_TARNAME='shellinabox'
PACKAGE_URL=''
PACKAGE_VERSION='2.10'
PATH_SEPARATOR=':'
RANLIB='ranlib'
SED='/usr/bin/sed'
SET_MAKE=''
SHELL='/bin/sh'
STRIP='strip'
VCS_REVISION='204'
VERSION='2.10'
ac_ct_CC='gcc'
ac_ct_DUMPBIN=''
am__EXEEXT_FALSE=''
am__EXEEXT_TRUE='#'
am__fastdepCC_FALSE='#'
am__fastdepCC_TRUE=''
am__include='include'
am__isrc=''
am__leading_dot='.'
am__quote=''
am__tar='${AMTAR} chof - "$$tardir"'
am__untar='${AMTAR} xf -'
bindir='${exec_prefix}/bin'
build='x86_64-unknown-linux-gnu'
build_alias=''
build_cpu='x86_64'
build_os='linux-gnu'
build_vendor='unknown'
datadir='${datarootdir}'
datarootdir='${prefix}/share'
docdir='${datarootdir}/doc/${PACKAGE_TARNAME}'
dvidir='${docdir}'
exec_prefix='${prefix}'
host='x86_64-unknown-linux-gnu'
host_alias=''
host_cpu='x86_64'
host_os='linux-gnu'
host_vendor='unknown'
htmldir='${docdir}'
includedir='${prefix}/include'
infodir='${datarootdir}/info'
install_sh='${SHELL} /home/dliutkevicius/Documents/RUT9/rut900_wrt/package/shellinabox/src/install-sh'
libdir='${exec_prefix}/lib'
libexecdir='${exec_prefix}/libexec'
localedir='${datarootdir}/locale'
localstatedir='${prefix}/var'
lt_ECHO='echo'
mandir='${datarootdir}/man'
mkdir_p='/usr/bin/mkdir -p'
oldincludedir='/usr/include'
pdfdir='${docdir}'
prefix='/usr/local'
program_transform_name='s,x,x,'
psdir='${docdir}'
sbindir='${exec_prefix}/sbin'
sharedstatedir='${prefix}/com'
sysconfdir='${prefix}/etc'
target_alias=''

## ----------- ##
## confdefs.h. ##
## ----------- ##

/* confdefs.h */
#define PACKAGE_NAME "shellinabox"
#define PACKAGE_TARNAME "shellinabox"
#define PACKAGE_VERSION "2.10"
#define PACKAGE_STRING "shellinabox 2.10"
#define PACKAGE_BUGREPORT "markus@shellinabox.com"
#define PACKAGE_URL ""
#define VCS_REVISION "204"
#define PACKAGE "shellinabox"
#define VERSION "2.10"
#define STDC_HEADERS 1
#define HAVE_SYS_TYPES_H 1
#define HAVE_SYS_STAT_H 1
#define HAVE_STDLIB_H 1
#define HAVE_STRING_H 1
#define HAVE_MEMORY_H 1
#define HAVE_STRINGS_H 1
#define HAVE_INTTYPES_H 1
#define HAVE_STDINT_H 1
#define HAVE_UNISTD_H 1
#define HAVE_DLFCN_H 1
#define LT_OBJDIR ".libs/"
#define HAVE_PTHREAD_H 1
#define HAVE_PTY_H 1
#define HAVE_STRINGS_H 1
#define HAVE_SYS_PRCTL_H 1
#define HAVE_SYS_UIO_H 1
#define HAVE_UTMP_H 1
#define HAVE_UTMPX_H 1
#define HAVE_LOGIN_TTY 1
#define HAVE_GETGRGID_R 1
#define HAVE_GETGRNAM_R 1
#define HAVE_GETPWNAM_R 1
#define HAVE_GETPWUID_R 1
#define HAVE_OPENPTY 1
#define HAVE_STRCASESTR 1
#define HAVE_PTSNAME_R 1
#define HAVE_SIGWAIT 1
#define HAVE_ISNAN 1
#define HAVE_BIN_LOGIN 1
#define HAVE_DLOPEN 1
#define HAVE_ZLIB 1

configure: exit 0

## ---------------------- ##
## Running config.status. ##
## ---------------------- ##

This file was extended by shellinabox config.status 2.10, which was
generated by GNU Autoconf 2.69.  Invocation command line was

  CONFIG_FILES    = 
  CONFIG_HEADERS  = 
  CONFIG_LINKS    = 
  CONFIG_COMMANDS = 
  $ ./config.status 

on localhost.localdomain

config.status:1082: creating Makefile
config.status:1082: creating config.h
config.status:1263: config.h is unchanged
config.status:1311: executing depfiles commands
config.status:1311: executing libtool commands
